Build started 5/28/2015 3:48:07 PM.
     1>Project "c:\Users\Jessica\documents\visual studio 2013\Projects\ConsoleApplication2\ConsoleApplication2\ConsoleApplication2.vcxproj" on node 2 (Build target(s)).
     1>ClCompile:
         C:\Program Files (x86)\Microsoft Visual Studio 12.0\VC\bin\CL.exe /c /ZI /nologo /W3 /WX- /Od /Oy- /D WIN32 /D _DEBUG /D _CONSOLE /D _LIB /D _UNICODE /D UNICODE /Gm /EHsc /RTC1 /MDd /GS /fp:precise /Zc:wchar_t /Zc:forScope /Fo"Debug\\" /Fd"Debug\vc120.pdb" /Gd /TP /analyze- /errorReport:prompt Source.cpp Movie.h Theater.h
         Theater.h
     1>c:\users\jessica\documents\visual studio 2013\projects\consoleapplication2\consoleapplication2\theater.h(8): error C2061: syntax error : identifier 'Movie'
         Movie.h
         Source.cpp
     1>c:\users\jessica\documents\visual studio 2013\projects\consoleapplication2\consoleapplication2\source.cpp(38): warning C4390: ';' : empty controlled statement found; is this the intent?
         Generating Code...
     1>Done Building Project "c:\Users\Jessica\documents\visual studio 2013\Projects\ConsoleApplication2\ConsoleApplication2\ConsoleApplication2.vcxproj" (Build target(s)) -- FAILED.

Build FAILED.

Time Elapsed 00:00:06.60
